Analysis & Synthesis report for sdcard
Tue Aug 13 16:04:56 2024
Quartus II 64-Bit Version 13.1.0 Build 162 10/23/2013 SJ Web Edition


---------------------
; Table of Contents ;
---------------------
  1. Legal Notice
  2. Analysis & Synthesis Summary
  3. Analysis & Synthesis Settings
  4. Parallel Compilation
  5. Analysis & Synthesis Source Files Read
  6. Analysis & Synthesis Resource Usage Summary
  7. Analysis & Synthesis Resource Utilization by Entity
  8. Analysis & Synthesis IP Cores Summary
  9. General Register Statistics
 10. Parameter Settings for User Entity Instance: delay:inst27|ComparatorX:inst21
 11. Parameter Settings for User Entity Instance: delay:inst27|RegisterX:inst13
 12. Parameter Settings for User Entity Instance: mycounter2:inst5|counter2:inst|lpm_counter:LPM_COUNTER_component
 13. Parameter Settings for User Entity Instance: sendcmd:inst3|ComparatorX:inst10
 14. Parameter Settings for User Entity Instance: sendcmd:inst3|RegisterX:inst9
 15. Parameter Settings for User Entity Instance: sendcmd:inst3|RegisterX:inst
 16. Parameter Settings for User Entity Instance: sendcmd:inst3|MultiplexerX:inst1
 17. Parameter Settings for User Entity Instance: sendcmd:inst3|shift48bit:inst2|lpm_clshift:LPM_CLSHIFT_component
 18. Parameter Settings for User Entity Instance: sync:inst28|ComparatorX:inst6
 19. Parameter Settings for User Entity Instance: sync:inst28|RegisterX:inst5
 20. Parameter Settings for User Entity Instance: MultiplexerX:inst6
 21. Parameter Settings for User Entity Instance: RegisterX:inst2
 22. Parameter Settings for User Entity Instance: waitforresponse:inst14|RegisterX:inst47
 23. Elapsed Time Per Partition
 24. Analysis & Synthesis Messages



----------------
; Legal Notice ;
----------------
Copyright (C) 1991-2013 Altera Corporation
Your use of Altera Corporation's design tools, logic functions 
and other software and tools, and its AMPP partner logic 
functions, and any output files from any of the foregoing 
(including device programming or simulation files), and any 
associated documentation or information are expressly subject 
to the terms and conditions of the Altera Program License 
Subscription Agreement, Altera MegaCore Function License 
Agreement, or other applicable license agreement, including, 
without limitation, that your use is for the sole purpose of 
programming logic devices manufactured by Altera and sold by 
Altera or its authorized distributors.  Please refer to the 
applicable agreement for further details.



+---------------------------------------------------------------------------------+
; Analysis & Synthesis Summary                                                    ;
+------------------------------------+--------------------------------------------+
; Analysis & Synthesis Status        ; Successful - Tue Aug 13 16:04:56 2024      ;
; Quartus II 64-Bit Version          ; 13.1.0 Build 162 10/23/2013 SJ Web Edition ;
; Revision Name                      ; sdcard                                     ;
; Top-level Entity Name              ; sdcard                                     ;
; Family                             ; Cyclone III                                ;
; Total logic elements               ; 189                                        ;
;     Total combinational functions  ; 189                                        ;
;     Dedicated logic registers      ; 126                                        ;
; Total registers                    ; 126                                        ;
; Total pins                         ; 46                                         ;
; Total virtual pins                 ; 0                                          ;
; Total memory bits                  ; 0                                          ;
; Embedded Multiplier 9-bit elements ; 0                                          ;
; Total PLLs                         ; 0                                          ;
+------------------------------------+--------------------------------------------+


+----------------------------------------------------------------------------------------------------------------------+
; Analysis & Synthesis Settings                                                                                        ;
+----------------------------------------------------------------------------+--------------------+--------------------+
; Option                                                                     ; Setting            ; Default Value      ;
+----------------------------------------------------------------------------+--------------------+--------------------+
; Device                                                                     ; EP3C16F484C6       ;                    ;
; Top-level entity name                                                      ; sdcard             ; sdcard             ;
; Family name                                                                ; Cyclone III        ; Cyclone IV GX      ;
; Use smart compilation                                                      ; Off                ; Off                ;
; Enable parallel Assembler and TimeQuest Timing Analyzer during compilation ; On                 ; On                 ;
; Enable compact report table                                                ; Off                ; Off                ;
; Restructure Multiplexers                                                   ; Auto               ; Auto               ;
; Create Debugging Nodes for IP Cores                                        ; Off                ; Off                ;
; Preserve fewer node names                                                  ; On                 ; On                 ;
; Disable OpenCore Plus hardware evaluation                                  ; Off                ; Off                ;
; Verilog Version                                                            ; Verilog_2001       ; Verilog_2001       ;
; VHDL Version                                                               ; VHDL_1993          ; VHDL_1993          ;
; State Machine Processing                                                   ; Auto               ; Auto               ;
; Safe State Machine                                                         ; Off                ; Off                ;
; Extract Verilog State Machines                                             ; On                 ; On                 ;
; Extract VHDL State Machines                                                ; On                 ; On                 ;
; Ignore Verilog initial constructs                                          ; Off                ; Off                ;
; Iteration limit for constant Verilog loops                                 ; 5000               ; 5000               ;
; Iteration limit for non-constant Verilog loops                             ; 250                ; 250                ;
; Add Pass-Through Logic to Inferred RAMs                                    ; On                 ; On                 ;
; Infer RAMs from Raw Logic                                                  ; On                 ; On                 ;
; Parallel Synthesis                                                         ; On                 ; On                 ;
; DSP Block Balancing                                                        ; Auto               ; Auto               ;
; NOT Gate Push-Back                                                         ; On                 ; On                 ;
; Power-Up Don't Care                                                        ; On                 ; On                 ;
; Remove Redundant Logic Cells                                               ; Off                ; Off                ;
; Remove Duplicate Registers                                                 ; On                 ; On                 ;
; Ignore CARRY Buffers                                                       ; Off                ; Off                ;
; Ignore CASCADE Buffers                                                     ; Off                ; Off                ;
; Ignore GLOBAL Buffers                                                      ; Off                ; Off                ;
; Ignore ROW GLOBAL Buffers                                                  ; Off                ; Off                ;
; Ignore LCELL Buffers                                                       ; Off                ; Off                ;
; Ignore SOFT Buffers                                                        ; On                 ; On                 ;
; Limit AHDL Integers to 32 Bits                                             ; Off                ; Off                ;
; Optimization Technique                                                     ; Balanced           ; Balanced           ;
; Carry Chain Length                                                         ; 70                 ; 70                 ;
; Auto Carry Chains                                                          ; On                 ; On                 ;
; Auto Open-Drain Pins                                                       ; On                 ; On                 ;
; Perform WYSIWYG Primitive Resynthesis                                      ; Off                ; Off                ;
; Auto ROM Replacement                                                       ; On                 ; On                 ;
; Auto RAM Replacement                                                       ; On                 ; On                 ;
; Auto DSP Block Replacement                                                 ; On                 ; On                 ;
; Auto Shift Register Replacement                                            ; Auto               ; Auto               ;
; Allow Shift Register Merging across Hierarchies                            ; Auto               ; Auto               ;
; Auto Clock Enable Replacement                                              ; On                 ; On                 ;
; Strict RAM Replacement                                                     ; Off                ; Off                ;
; Allow Synchronous Control Signals                                          ; On                 ; On                 ;
; Force Use of Synchronous Clear Signals                                     ; Off                ; Off                ;
; Auto RAM Block Balancing                                                   ; On                 ; On                 ;
; Auto RAM to Logic Cell Conversion                                          ; Off                ; Off                ;
; Auto Resource Sharing                                                      ; Off                ; Off                ;
; Allow Any RAM Size For Recognition                                         ; Off                ; Off                ;
; Allow Any ROM Size For Recognition                                         ; Off                ; Off                ;
; Allow Any Shift Register Size For Recognition                              ; Off                ; Off                ;
; Use LogicLock Constraints during Resource Balancing                        ; On                 ; On                 ;
; Ignore translate_off and synthesis_off directives                          ; Off                ; Off                ;
; Timing-Driven Synthesis                                                    ; On                 ; On                 ;
; Report Parameter Settings                                                  ; On                 ; On                 ;
; Report Source Assignments                                                  ; On                 ; On                 ;
; Report Connectivity Checks                                                 ; On                 ; On                 ;
; Ignore Maximum Fan-Out Assignments                                         ; Off                ; Off                ;
; Synchronization Register Chain Length                                      ; 2                  ; 2                  ;
; PowerPlay Power Optimization                                               ; Normal compilation ; Normal compilation ;
; HDL message level                                                          ; Level2             ; Level2             ;
; Suppress Register Optimization Related Messages                            ; Off                ; Off                ;
; Number of Removed Registers Reported in Synthesis Report                   ; 5000               ; 5000               ;
; Number of Swept Nodes Reported in Synthesis Report                         ; 5000               ; 5000               ;
; Number of Inverted Registers Reported in Synthesis Report                  ; 100                ; 100                ;
; Clock MUX Protection                                                       ; On                 ; On                 ;
; Auto Gated Clock Conversion                                                ; Off                ; Off                ;
; Block Design Naming                                                        ; Auto               ; Auto               ;
; SDC constraint protection                                                  ; Off                ; Off                ;
; Synthesis Effort                                                           ; Auto               ; Auto               ;
; Shift Register Replacement - Allow Asynchronous Clear Signal               ; On                 ; On                 ;
; Pre-Mapping Resynthesis Optimization                                       ; Off                ; Off                ;
; Analysis & Synthesis Message Level                                         ; Medium             ; Medium             ;
; Disable Register Merging Across Hierarchies                                ; Auto               ; Auto               ;
; Resource Aware Inference For Block RAM                                     ; On                 ; On                 ;
; Synthesis Seed                                                             ; 1                  ; 1                  ;
+----------------------------------------------------------------------------+--------------------+--------------------+


Parallel compilation was disabled, but you have multiple processors available. Enable parallel compilation to reduce compilation time.
+-------------------------------------+
; Parallel Compilation                ;
+----------------------------+--------+
; Processors                 ; Number ;
+----------------------------+--------+
; Number detected on machine ; 12     ;
; Maximum allowed            ; 1      ;
+----------------------------+--------+


+-----------------------------------------------------------------------------------------------------------------------------------------------------------------------------------+
; Analysis & Synthesis Source Files Read                                                                                                                                            ;
+-----------------------------------+-----------------+------------------------------------------+------------------------------------------------------------------------+---------+
; File Name with User-Entered Path  ; Used in Netlist ; File Type                                ; File Name with Absolute Path                                           ; Library ;
+-----------------------------------+-----------------+------------------------------------------+------------------------------------------------------------------------+---------+
; sdcard.bdf                        ; yes             ; User Block Diagram/Schematic File        ; C:/Users/Milos/Desktop/SDCard/sdcard.bdf                               ;         ;
; shift48bit.vhd                    ; yes             ; User Wizard-Generated File               ; C:/Users/Milos/Desktop/SDCard/shift48bit.vhd                           ;         ;
; sendcmd.bdf                       ; yes             ; User Block Diagram/Schematic File        ; C:/Users/Milos/Desktop/SDCard/sendcmd.bdf                              ;         ;
; waitforresponse.bdf               ; yes             ; User Block Diagram/Schematic File        ; C:/Users/Milos/Desktop/SDCard/waitforresponse.bdf                      ;         ;
; delay.bdf                         ; yes             ; User Block Diagram/Schematic File        ; C:/Users/Milos/Desktop/SDCard/delay.bdf                                ;         ;
; sync.bdf                          ; yes             ; User Block Diagram/Schematic File        ; C:/Users/Milos/Desktop/SDCard/sync.bdf                                 ;         ;
; counter2.vhd                      ; yes             ; User Wizard-Generated File               ; C:/Users/Milos/Desktop/SDCard/counter2.vhd                             ;         ;
; mycounter2.bdf                    ; yes             ; User Block Diagram/Schematic File        ; C:/Users/Milos/Desktop/SDCard/mycounter2.bdf                           ;         ;
; comparatorx.vhd                   ; yes             ; Auto-Found VHDL File                     ; C:/Users/Milos/Desktop/SDCard/comparatorx.vhd                          ;         ;
; registerx.vhd                     ; yes             ; Auto-Found VHDL File                     ; C:/Users/Milos/Desktop/SDCard/registerx.vhd                            ;         ;
; lpm_counter.tdf                   ; yes             ; Megafunction                             ; c:/altera/13.1/quartus/libraries/megafunctions/lpm_counter.tdf         ;         ;
; lpm_constant.inc                  ; yes             ; Megafunction                             ; c:/altera/13.1/quartus/libraries/megafunctions/lpm_constant.inc        ;         ;
; lpm_decode.inc                    ; yes             ; Megafunction                             ; c:/altera/13.1/quartus/libraries/megafunctions/lpm_decode.inc          ;         ;
; lpm_add_sub.inc                   ; yes             ; Megafunction                             ; c:/altera/13.1/quartus/libraries/megafunctions/lpm_add_sub.inc         ;         ;
; cmpconst.inc                      ; yes             ; Megafunction                             ; c:/altera/13.1/quartus/libraries/megafunctions/cmpconst.inc            ;         ;
; lpm_compare.inc                   ; yes             ; Megafunction                             ; c:/altera/13.1/quartus/libraries/megafunctions/lpm_compare.inc         ;         ;
; lpm_counter.inc                   ; yes             ; Megafunction                             ; c:/altera/13.1/quartus/libraries/megafunctions/lpm_counter.inc         ;         ;
; dffeea.inc                        ; yes             ; Megafunction                             ; c:/altera/13.1/quartus/libraries/megafunctions/dffeea.inc              ;         ;
; alt_counter_stratix.inc           ; yes             ; Megafunction                             ; c:/altera/13.1/quartus/libraries/megafunctions/alt_counter_stratix.inc ;         ;
; aglobal131.inc                    ; yes             ; Megafunction                             ; c:/altera/13.1/quartus/libraries/megafunctions/aglobal131.inc          ;         ;
; db/cntr_4oh.tdf                   ; yes             ; Auto-Generated Megafunction              ; C:/Users/Milos/Desktop/SDCard/db/cntr_4oh.tdf                          ;         ;
; multiplexerx.vhd                  ; yes             ; Auto-Found VHDL File                     ; C:/Users/Milos/Desktop/SDCard/multiplexerx.vhd                         ;         ;
; lpm_clshift.tdf                   ; yes             ; Megafunction                             ; c:/altera/13.1/quartus/libraries/megafunctions/lpm_clshift.tdf         ;         ;
; db/lpm_clshift_7kc.tdf            ; yes             ; Auto-Generated Megafunction              ; C:/Users/Milos/Desktop/SDCard/db/lpm_clshift_7kc.tdf                   ;         ;
; instantrisingedge.bdf             ; yes             ; Auto-Found Block Diagram/Schematic File  ; C:/Users/Milos/Desktop/SDCard/instantrisingedge.bdf                    ;         ;
; print.bdf                         ; yes             ; Auto-Found Block Diagram/Schematic File  ; C:/Users/Milos/Desktop/SDCard/print.bdf                                ;         ;
; seven_segment_digit_interface.vhd ; yes             ; Auto-Found VHDL File                     ; C:/Users/Milos/Desktop/SDCard/seven_segment_digit_interface.vhd        ;         ;
; risingedge.bdf                    ; yes             ; Auto-Found Block Diagram/Schematic File  ; C:/Users/Milos/Desktop/SDCard/risingedge.bdf                           ;         ;
+-----------------------------------+-----------------+------------------------------------------+------------------------------------------------------------------------+---------+


+-----------------------------------------------------------------------------------------------------------------------------------------------------------+
; Analysis & Synthesis Resource Usage Summary                                                                                                               ;
+---------------------------------------------+-------------------------------------------------------------------------------------------------------------+
; Resource                                    ; Usage                                                                                                       ;
+---------------------------------------------+-------------------------------------------------------------------------------------------------------------+
; Estimated Total logic elements              ; 189                                                                                                         ;
;                                             ;                                                                                                             ;
; Total combinational functions               ; 189                                                                                                         ;
; Logic element usage by number of LUT inputs ;                                                                                                             ;
;     -- 4 input functions                    ; 46                                                                                                          ;
;     -- 3 input functions                    ; 70                                                                                                          ;
;     -- <=2 input functions                  ; 73                                                                                                          ;
;                                             ;                                                                                                             ;
; Logic elements by mode                      ;                                                                                                             ;
;     -- normal mode                          ; 125                                                                                                         ;
;     -- arithmetic mode                      ; 64                                                                                                          ;
;                                             ;                                                                                                             ;
; Total registers                             ; 126                                                                                                         ;
;     -- Dedicated logic registers            ; 126                                                                                                         ;
;     -- I/O registers                        ; 0                                                                                                           ;
;                                             ;                                                                                                             ;
; I/O pins                                    ; 46                                                                                                          ;
; Embedded Multiplier 9-bit elements          ; 0                                                                                                           ;
; Maximum fan-out node                        ; mycounter2:inst5|counter2:inst|lpm_counter:LPM_COUNTER_component|cntr_4oh:auto_generated|counter_reg_bit[6] ;
; Maximum fan-out                             ; 120                                                                                                         ;
; Total fan-out                               ; 936                                                                                                         ;
; Average fan-out                             ; 2.28                                                                                                        ;
+---------------------------------------------+-------------------------------------------------------------------------------------------------------------+


+-----------------------------------------------------------------------------------------------------------------------------------------------------------------------------------------------------------------------------------------------------------------------------+
; Analysis & Synthesis Resource Utilization by Entity                                                                                                                                                                                                                         ;
+-----------------------------------------------+-------------------+--------------+-------------+--------------+---------+-----------+------+--------------+--------------------------------------------------------------------------------------------------+--------------+
; Compilation Hierarchy Node                    ; LC Combinationals ; LC Registers ; Memory Bits ; DSP Elements ; DSP 9x9 ; DSP 18x18 ; Pins ; Virtual Pins ; Full Hierarchy Name                                                                              ; Library Name ;
+-----------------------------------------------+-------------------+--------------+-------------+--------------+---------+-----------+------+--------------+--------------------------------------------------------------------------------------------------+--------------+
; |sdcard                                       ; 189 (3)           ; 126 (0)      ; 0           ; 0            ; 0       ; 0         ; 46   ; 0            ; |sdcard                                                                                          ; work         ;
;    |InstantRisingEdge:inst17|                 ; 2 (2)             ; 1 (1)        ; 0           ; 0            ; 0       ; 0         ; 0    ; 0            ; |sdcard|InstantRisingEdge:inst17                                                                 ; work         ;
;    |InstantRisingEdge:inst18|                 ; 1 (1)             ; 1 (1)        ; 0           ; 0            ; 0       ; 0         ; 0    ; 0            ; |sdcard|InstantRisingEdge:inst18                                                                 ; work         ;
;    |MultiplexerX:inst6|                       ; 1 (1)             ; 0 (0)        ; 0           ; 0            ; 0       ; 0         ; 0    ; 0            ; |sdcard|MultiplexerX:inst6                                                                       ; work         ;
;    |Print:inst22|                             ; 45 (17)           ; 1 (1)        ; 0           ; 0            ; 0       ; 0         ; 0    ; 0            ; |sdcard|Print:inst22                                                                             ; work         ;
;       |seven_segment_digit_interface:inst105| ; 7 (7)             ; 0 (0)        ; 0           ; 0            ; 0       ; 0         ; 0    ; 0            ; |sdcard|Print:inst22|seven_segment_digit_interface:inst105                                       ; work         ;
;       |seven_segment_digit_interface:inst110| ; 7 (7)             ; 0 (0)        ; 0           ; 0            ; 0       ; 0         ; 0    ; 0            ; |sdcard|Print:inst22|seven_segment_digit_interface:inst110                                       ; work         ;
;       |seven_segment_digit_interface:inst113| ; 7 (7)             ; 0 (0)        ; 0           ; 0            ; 0       ; 0         ; 0    ; 0            ; |sdcard|Print:inst22|seven_segment_digit_interface:inst113                                       ; work         ;
;       |seven_segment_digit_interface:inst95|  ; 7 (7)             ; 0 (0)        ; 0           ; 0            ; 0       ; 0         ; 0    ; 0            ; |sdcard|Print:inst22|seven_segment_digit_interface:inst95                                        ; work         ;
;    |RegisterX:inst2|                          ; 32 (32)           ; 32 (32)      ; 0           ; 0            ; 0       ; 0         ; 0    ; 0            ; |sdcard|RegisterX:inst2                                                                          ; work         ;
;    |delay:inst27|                             ; 27 (0)            ; 20 (0)       ; 0           ; 0            ; 0       ; 0         ; 0    ; 0            ; |sdcard|delay:inst27                                                                             ; work         ;
;       |ComparatorX:inst21|                    ; 7 (7)             ; 0 (0)        ; 0           ; 0            ; 0       ; 0         ; 0    ; 0            ; |sdcard|delay:inst27|ComparatorX:inst21                                                          ; work         ;
;       |RegisterX:inst13|                      ; 20 (20)           ; 20 (20)      ; 0           ; 0            ; 0       ; 0         ; 0    ; 0            ; |sdcard|delay:inst27|RegisterX:inst13                                                            ; work         ;
;    |mycounter2:inst5|                         ; 7 (0)             ; 7 (0)        ; 0           ; 0            ; 0       ; 0         ; 0    ; 0            ; |sdcard|mycounter2:inst5                                                                         ; work         ;
;       |counter2:inst|                         ; 7 (0)             ; 7 (0)        ; 0           ; 0            ; 0       ; 0         ; 0    ; 0            ; |sdcard|mycounter2:inst5|counter2:inst                                                           ; work         ;
;          |lpm_counter:LPM_COUNTER_component|  ; 7 (0)             ; 7 (0)        ; 0           ; 0            ; 0       ; 0         ; 0    ; 0            ; |sdcard|mycounter2:inst5|counter2:inst|lpm_counter:LPM_COUNTER_component                         ; work         ;
;             |cntr_4oh:auto_generated|         ; 7 (7)             ; 7 (7)        ; 0           ; 0            ; 0       ; 0         ; 0    ; 0            ; |sdcard|mycounter2:inst5|counter2:inst|lpm_counter:LPM_COUNTER_component|cntr_4oh:auto_generated ; work         ;
;    |sendcmd:inst3|                            ; 58 (4)            ; 55 (1)       ; 0           ; 0            ; 0       ; 0         ; 0    ; 0            ; |sdcard|sendcmd:inst3                                                                            ; work         ;
;       |ComparatorX:inst10|                    ; 1 (1)             ; 0 (0)        ; 0           ; 0            ; 0       ; 0         ; 0    ; 0            ; |sdcard|sendcmd:inst3|ComparatorX:inst10                                                         ; work         ;
;       |MultiplexerX:inst1|                    ; 47 (47)           ; 0 (0)        ; 0           ; 0            ; 0       ; 0         ; 0    ; 0            ; |sdcard|sendcmd:inst3|MultiplexerX:inst1                                                         ; work         ;
;       |RegisterX:inst9|                       ; 6 (6)             ; 6 (6)        ; 0           ; 0            ; 0       ; 0         ; 0    ; 0            ; |sdcard|sendcmd:inst3|RegisterX:inst9                                                            ; work         ;
;       |RegisterX:inst|                        ; 0 (0)             ; 48 (48)      ; 0           ; 0            ; 0       ; 0         ; 0    ; 0            ; |sdcard|sendcmd:inst3|RegisterX:inst                                                             ; work         ;
;    |sync:inst28|                              ; 13 (4)            ; 9 (1)        ; 0           ; 0            ; 0       ; 0         ; 0    ; 0            ; |sdcard|sync:inst28                                                                              ; work         ;
;       |ComparatorX:inst6|                     ; 2 (2)             ; 0 (0)        ; 0           ; 0            ; 0       ; 0         ; 0    ; 0            ; |sdcard|sync:inst28|ComparatorX:inst6                                                            ; work         ;
;       |InstantRisingEdge:inst3|               ; 0 (0)             ; 1 (1)        ; 0           ; 0            ; 0       ; 0         ; 0    ; 0            ; |sdcard|sync:inst28|InstantRisingEdge:inst3                                                      ; work         ;
;       |RegisterX:inst5|                       ; 7 (7)             ; 7 (7)        ; 0           ; 0            ; 0       ; 0         ; 0    ; 0            ; |sdcard|sync:inst28|RegisterX:inst5                                                              ; work         ;
+-----------------------------------------------+-------------------+--------------+-------------+--------------+---------+-----------+------+--------------+--------------------------------------------------------------------------------------------------+--------------+
Note: For table entries with two numbers listed, the numbers in parentheses indicate the number of resources of the given type used by the specific entity alone. The numbers listed outside of parentheses indicate the total resources of the given type used by the specific entity and all of its sub-entities in the hierarchy.


+-------------------------------------------------------------------------------------------------------------------------------------------------------+
; Analysis & Synthesis IP Cores Summary                                                                                                                 ;
+--------+--------------+---------+--------------+--------------+----------------------------------------+----------------------------------------------+
; Vendor ; IP Core Name ; Version ; Release Date ; License Type ; Entity Instance                        ; IP Include File                              ;
+--------+--------------+---------+--------------+--------------+----------------------------------------+----------------------------------------------+
; Altera ; LPM_CLSHIFT  ; 13.1    ; N/A          ; N/A          ; |sdcard|sendcmd:inst3|shift48bit:inst2 ; C:/Users/Milos/Desktop/SDCard/shift48bit.vhd ;
; Altera ; LPM_COUNTER  ; 13.1    ; N/A          ; N/A          ; |sdcard|mycounter2:inst5|counter2:inst ; C:/Users/Milos/Desktop/SDCard/counter2.vhd   ;
+--------+--------------+---------+--------------+--------------+----------------------------------------+----------------------------------------------+


+------------------------------------------------------+
; General Register Statistics                          ;
+----------------------------------------------+-------+
; Statistic                                    ; Value ;
+----------------------------------------------+-------+
; Total registers                              ; 126   ;
; Number of registers using Synchronous Clear  ; 6     ;
; Number of registers using Synchronous Load   ; 0     ;
; Number of registers using Asynchronous Clear ; 0     ;
; Number of registers using Asynchronous Load  ; 0     ;
; Number of registers using Clock Enable       ; 56    ;
; Number of registers using Preset             ; 0     ;
+----------------------------------------------+-------+


+------------------------------------------------------------------------------+
; Parameter Settings for User Entity Instance: delay:inst27|ComparatorX:inst21 ;
+----------------+-------+-----------------------------------------------------+
; Parameter Name ; Value ; Type                                                ;
+----------------+-------+-----------------------------------------------------+
; size           ; 20    ; Signed Integer                                      ;
+----------------+-------+-----------------------------------------------------+
Note: In order to hide this table in the UI and the text report file, please set the "Show Parameter Settings in Synthesis Report" option in "Analysis and Synthesis Settings -> More Settings" to "Off".


+----------------------------------------------------------------------------+
; Parameter Settings for User Entity Instance: delay:inst27|RegisterX:inst13 ;
+----------------+-------+---------------------------------------------------+
; Parameter Name ; Value ; Type                                              ;
+----------------+-------+---------------------------------------------------+
; size           ; 20    ; Signed Integer                                    ;
; default_value  ; 0     ; Signed Integer                                    ;
+----------------+-------+---------------------------------------------------+
Note: In order to hide this table in the UI and the text report file, please set the "Show Parameter Settings in Synthesis Report" option in "Analysis and Synthesis Settings -> More Settings" to "Off".


+---------------------------------------------------------------------------------------------------------------+
; Parameter Settings for User Entity Instance: mycounter2:inst5|counter2:inst|lpm_counter:LPM_COUNTER_component ;
+------------------------+-------------+------------------------------------------------------------------------+
; Parameter Name         ; Value       ; Type                                                                   ;
+------------------------+-------------+------------------------------------------------------------------------+
; AUTO_CARRY_CHAINS      ; ON          ; AUTO_CARRY                                                             ;
; IGNORE_CARRY_BUFFERS   ; OFF         ; IGNORE_CARRY                                                           ;
; AUTO_CASCADE_CHAINS    ; ON          ; AUTO_CASCADE                                                           ;
; IGNORE_CASCADE_BUFFERS ; OFF         ; IGNORE_CASCADE                                                         ;
; LPM_WIDTH              ; 7           ; Signed Integer                                                         ;
; LPM_DIRECTION          ; UP          ; Untyped                                                                ;
; LPM_MODULUS            ; 0           ; Untyped                                                                ;
; LPM_AVALUE             ; UNUSED      ; Untyped                                                                ;
; LPM_SVALUE             ; UNUSED      ; Untyped                                                                ;
; LPM_PORT_UPDOWN        ; PORT_UNUSED ; Untyped                                                                ;
; DEVICE_FAMILY          ; Cyclone III ; Untyped                                                                ;
; CARRY_CHAIN            ; MANUAL      ; Untyped                                                                ;
; CARRY_CHAIN_LENGTH     ; 48          ; CARRY_CHAIN_LENGTH                                                     ;
; NOT_GATE_PUSH_BACK     ; ON          ; NOT_GATE_PUSH_BACK                                                     ;
; CARRY_CNT_EN           ; SMART       ; Untyped                                                                ;
; LABWIDE_SCLR           ; ON          ; Untyped                                                                ;
; USE_NEW_VERSION        ; TRUE        ; Untyped                                                                ;
; CBXI_PARAMETER         ; cntr_4oh    ; Untyped                                                                ;
+------------------------+-------------+------------------------------------------------------------------------+
Note: In order to hide this table in the UI and the text report file, please set the "Show Parameter Settings in Synthesis Report" option in "Analysis and Synthesis Settings -> More Settings" to "Off".


+-------------------------------------------------------------------------------+
; Parameter Settings for User Entity Instance: sendcmd:inst3|ComparatorX:inst10 ;
+----------------+-------+------------------------------------------------------+
; Parameter Name ; Value ; Type                                                 ;
+----------------+-------+------------------------------------------------------+
; size           ; 6     ; Signed Integer                                       ;
+----------------+-------+------------------------------------------------------+
Note: In order to hide this table in the UI and the text report file, please set the "Show Parameter Settings in Synthesis Report" option in "Analysis and Synthesis Settings -> More Settings" to "Off".


+----------------------------------------------------------------------------+
; Parameter Settings for User Entity Instance: sendcmd:inst3|RegisterX:inst9 ;
+----------------+-------+---------------------------------------------------+
; Parameter Name ; Value ; Type                                              ;
+----------------+-------+---------------------------------------------------+
; size           ; 6     ; Signed Integer                                    ;
; default_value  ; 0     ; Signed Integer                                    ;
+----------------+-------+---------------------------------------------------+
Note: In order to hide this table in the UI and the text report file, please set the "Show Parameter Settings in Synthesis Report" option in "Analysis and Synthesis Settings -> More Settings" to "Off".


+---------------------------------------------------------------------------+
; Parameter Settings for User Entity Instance: sendcmd:inst3|RegisterX:inst ;
+----------------+-------+--------------------------------------------------+
; Parameter Name ; Value ; Type                                             ;
+----------------+-------+--------------------------------------------------+
; size           ; 48    ; Signed Integer                                   ;
; default_value  ; 0     ; Signed Integer                                   ;
+----------------+-------+--------------------------------------------------+
Note: In order to hide this table in the UI and the text report file, please set the "Show Parameter Settings in Synthesis Report" option in "Analysis and Synthesis Settings -> More Settings" to "Off".


+-------------------------------------------------------------------------------+
; Parameter Settings for User Entity Instance: sendcmd:inst3|MultiplexerX:inst1 ;
+----------------+-------+------------------------------------------------------+
; Parameter Name ; Value ; Type                                                 ;
+----------------+-------+------------------------------------------------------+
; size           ; 48    ; Signed Integer                                       ;
+----------------+-------+------------------------------------------------------+
Note: In order to hide this table in the UI and the text report file, please set the "Show Parameter Settings in Synthesis Report" option in "Analysis and Synthesis Settings -> More Settings" to "Off".


+---------------------------------------------------------------------------------------------------------------+
; Parameter Settings for User Entity Instance: sendcmd:inst3|shift48bit:inst2|lpm_clshift:LPM_CLSHIFT_component ;
+----------------+-----------------+----------------------------------------------------------------------------+
; Parameter Name ; Value           ; Type                                                                       ;
+----------------+-----------------+----------------------------------------------------------------------------+
; LPM_PIPELINE   ; 0               ; Untyped                                                                    ;
; LPM_SHIFTTYPE  ; LOGICAL         ; Untyped                                                                    ;
; LPM_WIDTH      ; 48              ; Signed Integer                                                             ;
; LPM_WIDTHDIST  ; 6               ; Signed Integer                                                             ;
; CBXI_PARAMETER ; lpm_clshift_7kc ; Untyped                                                                    ;
+----------------+-----------------+----------------------------------------------------------------------------+
Note: In order to hide this table in the UI and the text report file, please set the "Show Parameter Settings in Synthesis Report" option in "Analysis and Synthesis Settings -> More Settings" to "Off".


+----------------------------------------------------------------------------+
; Parameter Settings for User Entity Instance: sync:inst28|ComparatorX:inst6 ;
+----------------+-------+---------------------------------------------------+
; Parameter Name ; Value ; Type                                              ;
+----------------+-------+---------------------------------------------------+
; size           ; 7     ; Signed Integer                                    ;
+----------------+-------+---------------------------------------------------+
Note: In order to hide this table in the UI and the text report file, please set the "Show Parameter Settings in Synthesis Report" option in "Analysis and Synthesis Settings -> More Settings" to "Off".


+--------------------------------------------------------------------------+
; Parameter Settings for User Entity Instance: sync:inst28|RegisterX:inst5 ;
+----------------+-------+-------------------------------------------------+
; Parameter Name ; Value ; Type                                            ;
+----------------+-------+-------------------------------------------------+
; size           ; 7     ; Signed Integer                                  ;
; default_value  ; 0     ; Signed Integer                                  ;
+----------------+-------+-------------------------------------------------+
Note: In order to hide this table in the UI and the text report file, please set the "Show Parameter Settings in Synthesis Report" option in "Analysis and Synthesis Settings -> More Settings" to "Off".


+-----------------------------------------------------------------+
; Parameter Settings for User Entity Instance: MultiplexerX:inst6 ;
+----------------+-------+----------------------------------------+
; Parameter Name ; Value ; Type                                   ;
+----------------+-------+----------------------------------------+
; size           ; 1     ; Signed Integer                         ;
+----------------+-------+----------------------------------------+
Note: In order to hide this table in the UI and the text report file, please set the "Show Parameter Settings in Synthesis Report" option in "Analysis and Synthesis Settings -> More Settings" to "Off".


+--------------------------------------------------------------+
; Parameter Settings for User Entity Instance: RegisterX:inst2 ;
+----------------+-------+-------------------------------------+
; Parameter Name ; Value ; Type                                ;
+----------------+-------+-------------------------------------+
; size           ; 32    ; Signed Integer                      ;
; default_value  ; 0     ; Signed Integer                      ;
+----------------+-------+-------------------------------------+
Note: In order to hide this table in the UI and the text report file, please set the "Show Parameter Settings in Synthesis Report" option in "Analysis and Synthesis Settings -> More Settings" to "Off".


+--------------------------------------------------------------------------------------+
; Parameter Settings for User Entity Instance: waitforresponse:inst14|RegisterX:inst47 ;
+----------------+-------+-------------------------------------------------------------+
; Parameter Name ; Value ; Type                                                        ;
+----------------+-------+-------------------------------------------------------------+
; size           ; 8     ; Signed Integer                                              ;
; default_value  ; 0     ; Signed Integer                                              ;
+----------------+-------+-------------------------------------------------------------+
Note: In order to hide this table in the UI and the text report file, please set the "Show Parameter Settings in Synthesis Report" option in "Analysis and Synthesis Settings -> More Settings" to "Off".


+-------------------------------+
; Elapsed Time Per Partition    ;
+----------------+--------------+
; Partition Name ; Elapsed Time ;
+----------------+--------------+
; Top            ; 00:00:00     ;
+----------------+--------------+


+-------------------------------+
; Analysis & Synthesis Messages ;
+-------------------------------+
Info: *******************************************************************
Info: Running Quartus II 64-Bit Analysis & Synthesis
    Info: Version 13.1.0 Build 162 10/23/2013 SJ Web Edition
    Info: Processing started: Tue Aug 13 16:04:55 2024
Info: Command: quartus_map --read_settings_files=on --write_settings_files=off sdcard -c sdcard
Warning (125092): Tcl Script File myclockdivider2.qip not found
    Info (125063): set_global_assignment -name QIP_FILE myclockdivider2.qip
Warning (20028): Parallel compilation is not licensed and has been disabled
Info (12021): Found 1 design units, including 1 entities, in source file sdcard.bdf
    Info (12023): Found entity 1: sdcard
Info (12021): Found 1 design units, including 1 entities, in source file myclockdivider.bdf
    Info (12023): Found entity 1: myclockdivider
Info (12021): Found 2 design units, including 1 entities, in source file mycounter.vhd
    Info (12022): Found design unit 1: mycounter-SYN
    Info (12023): Found entity 1: mycounter
Info (12021): Found 2 design units, including 1 entities, in source file shift48bit.vhd
    Info (12022): Found design unit 1: shift48bit-SYN
    Info (12023): Found entity 1: shift48bit
Info (12021): Found 1 design units, including 1 entities, in source file sendcmd.bdf
    Info (12023): Found entity 1: sendcmd
Info (12021): Found 1 design units, including 1 entities, in source file waitforresponse.bdf
    Info (12023): Found entity 1: waitforresponse
Info (12021): Found 1 design units, including 1 entities, in source file instantfallingedge.bdf
    Info (12023): Found entity 1: InstantFallingEdge
Info (12021): Found 1 design units, including 1 entities, in source file delay.bdf
    Info (12023): Found entity 1: delay
Info (12021): Found 1 design units, including 1 entities, in source file sync.bdf
    Info (12023): Found entity 1: sync
Info (12021): Found 2 design units, including 1 entities, in source file counter2.vhd
    Info (12022): Found design unit 1: counter2-SYN
    Info (12023): Found entity 1: counter2
Info (12021): Found 1 design units, including 1 entities, in source file mycounter2.bdf
    Info (12023): Found entity 1: mycounter2
Info (12127): Elaborating entity "sdcard" for the top level hierarchy
Warning (275008): Primitive "WIRE" of instance "inst20" not used
Info (12128): Elaborating entity "delay" for hierarchy "delay:inst27"
Warning (12125): Using design file comparatorx.vhd, which is not specified as a design file for the current project, but contains definitions for 2 design units and 1 entities in project
    Info (12022): Found design unit 1: ComparatorX-rtl
    Info (12023): Found entity 1: ComparatorX
Info (12128): Elaborating entity "ComparatorX" for hierarchy "delay:inst27|ComparatorX:inst21"
Warning (12125): Using design file registerx.vhd, which is not specified as a design file for the current project, but contains definitions for 2 design units and 1 entities in project
    Info (12022): Found design unit 1: RegisterX-rtl
    Info (12023): Found entity 1: RegisterX
Info (12128): Elaborating entity "RegisterX" for hierarchy "delay:inst27|RegisterX:inst13"
Info (12128): Elaborating entity "mycounter2" for hierarchy "mycounter2:inst5"
Info (12128): Elaborating entity "counter2" for hierarchy "mycounter2:inst5|counter2:inst"
Info (12128): Elaborating entity "lpm_counter" for hierarchy "mycounter2:inst5|counter2:inst|lpm_counter:LPM_COUNTER_component"
Info (12130): Elaborated megafunction instantiation "mycounter2:inst5|counter2:inst|lpm_counter:LPM_COUNTER_component"
Info (12133): Instantiated megafunction "mycounter2:inst5|counter2:inst|lpm_counter:LPM_COUNTER_component" with the following parameter:
    Info (12134): Parameter "lpm_direction" = "UP"
    Info (12134): Parameter "lpm_port_updown" = "PORT_UNUSED"
    Info (12134): Parameter "lpm_type" = "LPM_COUNTER"
    Info (12134): Parameter "lpm_width" = "7"
Info (12021): Found 1 design units, including 1 entities, in source file db/cntr_4oh.tdf
    Info (12023): Found entity 1: cntr_4oh
Info (12128): Elaborating entity "cntr_4oh" for hierarchy "mycounter2:inst5|counter2:inst|lpm_counter:LPM_COUNTER_component|cntr_4oh:auto_generated"
Info (12128): Elaborating entity "sendcmd" for hierarchy "sendcmd:inst3"
Info (12128): Elaborating entity "ComparatorX" for hierarchy "sendcmd:inst3|ComparatorX:inst10"
Info (12128): Elaborating entity "RegisterX" for hierarchy "sendcmd:inst3|RegisterX:inst9"
Info (12128): Elaborating entity "RegisterX" for hierarchy "sendcmd:inst3|RegisterX:inst"
Warning (12125): Using design file multiplexerx.vhd, which is not specified as a design file for the current project, but contains definitions for 2 design units and 1 entities in project
    Info (12022): Found design unit 1: MultiplexerX-rtl
    Info (12023): Found entity 1: MultiplexerX
Info (12128): Elaborating entity "MultiplexerX" for hierarchy "sendcmd:inst3|MultiplexerX:inst1"
Info (12128): Elaborating entity "shift48bit" for hierarchy "sendcmd:inst3|shift48bit:inst2"
Info (12128): Elaborating entity "lpm_clshift" for hierarchy "sendcmd:inst3|shift48bit:inst2|lpm_clshift:LPM_CLSHIFT_component"
Info (12130): Elaborated megafunction instantiation "sendcmd:inst3|shift48bit:inst2|lpm_clshift:LPM_CLSHIFT_component"
Info (12133): Instantiated megafunction "sendcmd:inst3|shift48bit:inst2|lpm_clshift:LPM_CLSHIFT_component" with the following parameter:
    Info (12134): Parameter "lpm_shifttype" = "LOGICAL"
    Info (12134): Parameter "lpm_type" = "LPM_CLSHIFT"
    Info (12134): Parameter "lpm_width" = "48"
    Info (12134): Parameter "lpm_widthdist" = "6"
Info (12021): Found 1 design units, including 1 entities, in source file db/lpm_clshift_7kc.tdf
    Info (12023): Found entity 1: lpm_clshift_7kc
Info (12128): Elaborating entity "lpm_clshift_7kc" for hierarchy "sendcmd:inst3|shift48bit:inst2|lpm_clshift:LPM_CLSHIFT_component|lpm_clshift_7kc:auto_generated"
Warning (12125): Using design file instantrisingedge.bdf, which is not specified as a design file for the current project, but contains definitions for 1 design units and 1 entities in project
    Info (12023): Found entity 1: InstantRisingEdge
Info (12128): Elaborating entity "InstantRisingEdge" for hierarchy "InstantRisingEdge:inst18"
Info (12128): Elaborating entity "sync" for hierarchy "sync:inst28"
Info (12128): Elaborating entity "ComparatorX" for hierarchy "sync:inst28|ComparatorX:inst6"
Info (12128): Elaborating entity "RegisterX" for hierarchy "sync:inst28|RegisterX:inst5"
Info (12128): Elaborating entity "MultiplexerX" for hierarchy "MultiplexerX:inst6"
Warning (12125): Using design file print.bdf, which is not specified as a design file for the current project, but contains definitions for 1 design units and 1 entities in project
    Info (12023): Found entity 1: Print
Info (12128): Elaborating entity "Print" for hierarchy "Print:inst22"
Warning (12125): Using design file seven_segment_digit_interface.vhd, which is not specified as a design file for the current project, but contains definitions for 2 design units and 1 entities in project
    Info (12022): Found design unit 1: seven_segment_digit_interface-rtl
    Info (12023): Found entity 1: seven_segment_digit_interface
Info (12128): Elaborating entity "seven_segment_digit_interface" for hierarchy "Print:inst22|seven_segment_digit_interface:inst95"
Info (12128): Elaborating entity "RegisterX" for hierarchy "RegisterX:inst2"
Info (12128): Elaborating entity "waitforresponse" for hierarchy "waitforresponse:inst14"
Info (12128): Elaborating entity "RegisterX" for hierarchy "waitforresponse:inst14|RegisterX:inst47"
Warning (12125): Using design file risingedge.bdf, which is not specified as a design file for the current project, but contains definitions for 1 design units and 1 entities in project
    Info (12023): Found entity 1: RisingEdge
Info (12128): Elaborating entity "RisingEdge" for hierarchy "waitforresponse:inst14|RisingEdge:inst39"
Warning (13039): The following bidir pins have no drivers
    Warning (13040): Bidir "DAT0/IN" has no driver
Warning (13009): TRI or OPNDRN buffers permanently enabled
    Warning (13010): Node "inst36~synth"
    Warning (13010): Node "inst30~synth"
Warning (13024): Output pins are stuck at VCC or GND
    Warning (13410): Pin "WPnot" is stuck at VCC
Warning (18029): Output pin "led4" driven by bidirectional pin "CMD/OUT" cannot be tri-stated
Warning (18029): Output pin "led5" driven by bidirectional pin "DAT3/SSnot" cannot be tri-stated
Warning (18029): Output pin "led9" driven by bidirectional pin "DAT0/IN" cannot be tri-stated
Info (286030): Timing-Driven Synthesis is running
Info (16010): Generating hard_block partition "hard_block:auto_generated_inst"
    Info (16011): Adding 0 node(s), including 0 DDIO, 0 PLL, 0 transceiver and 0 LCELL
Warning (21074): Design contains 1 input pin(s) that do not drive logic
    Warning (15610): No output dependent on input pin "BUTTON1"
Info (21057): Implemented 237 device resources after synthesis - the final resource count might be different
    Info (21058): Implemented 3 input pins
    Info (21059): Implemented 40 output pins
    Info (21060): Implemented 3 bidirectional pins
    Info (21061): Implemented 191 logic cells
Info: Quartus II 64-Bit Analysis & Synthesis was successful. 0 errors, 22 warnings
    Info: Peak virtual memory: 4675 megabytes
    Info: Processing ended: Tue Aug 13 16:04:56 2024
    Info: Elapsed time: 00:00:01
    Info: Total CPU time (on all processors): 00:00:00


